<?xml version="1.0" encoding="UTF-8"?>
<testng-results skipped="0" failed="1" ignored="0" total="1" passed="0">
  <reporter-output>
  </reporter-output>
  <suite name="Suite" duration-ms="33189" started-at="2020-12-08T10:36:48 IST" finished-at="2020-12-08T10:37:22 IST">
    <groups>
    </groups>
    <test name="Myntra" duration-ms="33189" started-at="2020-12-08T10:36:48 IST" finished-at="2020-12-08T10:37:22 IST">
      <class name="myntra.NewTest_Myntra">
        <test-method status="PASS" signature="browser_properties()[pri:0, instance:myntra.NewTest_Myntra@44c8afef]" name="browser_properties" is-config="true" duration-ms="27227" started-at="2020-12-08T10:36:48 IST" finished-at="2020-12-08T10:37:16 IST">
          <reporter-output>
          </reporter-output>
        </test-method> <!-- browser_properties -->
        <test-method status="FAIL" signature="testcase1(java.lang.String, java.lang.String, java.lang.String, java.lang.String)[pri:0, instance:myntra.NewTest_Myntra@44c8afef]" name="testcase1" duration-ms="2964" started-at="2020-12-08T10:37:18 IST" data-provider="ExcelData" finished-at="2020-12-08T10:37:21 IST">
          <params>
            <param index="0">
              <value>
                <![CDATA[https://www.myntra.com/]]>
              </value>
            </param>
            <param index="1">
              <value>
                <![CDATA[raynavin5@gmail.com]]>
              </value>
            </param>
            <param index="2">
              <value>
                <![CDATA[Ashish@991550]]>
              </value>
            </param>
            <param index="3">
              <value>
                <![CDATA[9915507348]]>
              </value>
            </param>
          </params>
          <exception class="org.openqa.selenium.NoSuchElementException">
            <message>
              <![CDATA[Cannot locate an element using xpath=//span[@class='myntraweb-sprite desktop-iconUser sprites-headerUser']
For documentation on this error, please visit: https://selenium.dev/exceptions/#no_such_element
Build info: version: '4.0.0-alpha-7', revision: 'de8579b6d5'
System info: host: 'DESKTOP-0THIKDA', ip: '192.168.101.9', os.name: 'Windows 10', os.arch: 'amd64', os.version: '10.0', java.version: '1.8.0_73'
Driver info: driver.version: RemoteWebDriver]]>
            </message>
            <full-stacktrace>
              <![CDATA[org.openqa.selenium.NoSuchElementException: Cannot locate an element using xpath=//span[@class='myntraweb-sprite desktop-iconUser sprites-headerUser']
For documentation on this error, please visit: https://selenium.dev/exceptions/#no_such_element
Build info: version: '4.0.0-alpha-7', revision: 'de8579b6d5'
System info: host: 'DESKTOP-0THIKDA', ip: '192.168.101.9', os.name: 'Windows 10', os.arch: 'amd64', os.version: '10.0', java.version: '1.8.0_73'
Driver info: driver.version: RemoteWebDriver
at org.openqa.selenium.remote.RemoteWebDriver.findElement(RemoteWebDriver.java:335)
at org.openqa.selenium.By$ByXPath.findElement(By.java:379)
at org.openqa.selenium.remote.RemoteWebDriver.findElement(RemoteWebDriver.java:312)
at myntra.NewTest_Myntra.testcase1(NewTest_Myntra.java:64)
at sun.reflect.NativeMethodAccessorImpl.invoke0(Native Method)
at sun.reflect.NativeMethodAccessorImpl.invoke(NativeMethodAccessorImpl.java:62)
at sun.reflect.DelegatingMethodAccessorImpl.invoke(DelegatingMethodAccessorImpl.java:43)
at java.lang.reflect.Method.invoke(Method.java:497)
at org.testng.internal.MethodInvocationHelper.invokeMethod(MethodInvocationHelper.java:132)
at org.testng.internal.TestInvoker.invokeMethod(TestInvoker.java:599)
at org.testng.internal.TestInvoker.invokeTestMethod(TestInvoker.java:174)
at org.testng.internal.MethodRunner.runInSequence(MethodRunner.java:46)
at org.testng.internal.TestInvoker$MethodInvocationAgent.invoke(TestInvoker.java:822)
at org.testng.internal.TestInvoker.invokeTestMethods(TestInvoker.java:147)
at org.testng.internal.TestMethodWorker.invokeTestMethods(TestMethodWorker.java:146)
at org.testng.internal.TestMethodWorker.run(TestMethodWorker.java:128)
at java.util.ArrayList.forEach(ArrayList.java:1249)
at org.testng.TestRunner.privateRun(TestRunner.java:764)
at org.testng.TestRunner.run(TestRunner.java:585)
at org.testng.SuiteRunner.runTest(SuiteRunner.java:384)
at org.testng.SuiteRunner.runSequentially(SuiteRunner.java:378)
at org.testng.SuiteRunner.privateRun(SuiteRunner.java:337)
at org.testng.SuiteRunner.run(SuiteRunner.java:286)
at org.testng.SuiteRunnerWorker.runSuite(SuiteRunnerWorker.java:53)
at org.testng.SuiteRunnerWorker.run(SuiteRunnerWorker.java:96)
at org.testng.TestNG.runSuitesSequentially(TestNG.java:1218)
at org.testng.TestNG.runSuitesLocally(TestNG.java:1140)
at org.testng.TestNG.runSuites(TestNG.java:1069)
at org.testng.TestNG.run(TestNG.java:1037)
at org.testng.remote.AbstractRemoteTestNG.run(AbstractRemoteTestNG.java:115)
at org.testng.remote.RemoteTestNG.initAndRun(RemoteTestNG.java:251)
at org.testng.remote.RemoteTestNG.main(RemoteTestNG.java:77)
]]>
            </full-stacktrace>
          </exception> <!-- org.openqa.selenium.NoSuchElementException -->
          <reporter-output>
          </reporter-output>
        </test-method> <!-- testcase1 -->
        <test-method status="PASS" signature="closeBrowser()[pri:0, instance:myntra.NewTest_Myntra@44c8afef]" name="closeBrowser" is-config="true" duration-ms="3" started-at="2020-12-08T10:37:22 IST" finished-at="2020-12-08T10:37:22 IST">
          <reporter-output>
          </reporter-output>
        </test-method> <!-- closeBrowser -->
      </class> <!-- myntra.NewTest_Myntra -->
    </test> <!-- Myntra -->
  </suite> <!-- Suite -->
</testng-results>
